[0.180s] DEBUG:colcon:Command line arguments: ['/usr/bin/colcon', 'build', '--symlink-install']
[0.180s] DEBUG:colcon:Parsed command line arguments: Namespace(log_base=None, log_level=None, verb_name='build', build_base='build', install_base='install', merge_install=False, symlink_install=True, test_result_base=None, continue_on_error=False, executor='parallel', parallel_workers=16, event_handlers=None, ignore_user_meta=False, metas=['./colcon.meta'], base_paths=['.'], packages_ignore=None, packages_ignore_regex=None, paths=None, packages_up_to=None, packages_up_to_regex=None, packages_above=None, packages_above_and_dependencies=None, packages_above_depth=None, packages_select_by_dep=None, packages_skip_by_dep=None, packages_skip_up_to=None, packages_select_build_failed=False, packages_skip_build_finished=False, packages_select_test_failures=False, packages_skip_test_passed=False, packages_select=None, packages_skip=None, packages_select_regex=None, packages_skip_regex=None, packages_start=None, packages_end=None, allow_overriding=[], cmake_args=None, cmake_target=None, cmake_target_skip_unavailable=False, cmake_clean_cache=False, cmake_clean_first=False, cmake_force_configure=False, ament_cmake_args=None, catkin_cmake_args=None, catkin_skip_building_tests=False, mixin_files=None, mixin=None, verb_parser=<colcon_mixin.mixin.mixin_argument.MixinArgumentDecorator object at 0x7f337977dee0>, verb_extension=<colcon_core.verb.build.BuildVerb object at 0x7f337977d730>, main=<bound method BuildVerb.main of <colcon_core.verb.build.BuildVerb object at 0x7f337977d730>>, mixin_verb=('build',))
[0.212s] Level 1:colcon.colcon_core.package_discovery:discover_packages(colcon_meta) check parameters
[0.212s] Level 1:colcon.colcon_core.package_discovery:discover_packages(recursive) check parameters
[0.212s] Level 1:colcon.colcon_core.package_discovery:discover_packages(ignore) check parameters
[0.212s] Level 1:colcon.colcon_core.package_discovery:discover_packages(path) check parameters
[0.212s] Level 1:colcon.colcon_core.package_discovery:discover_packages(colcon_meta) discover
[0.212s] Level 1:colcon.colcon_core.package_discovery:discover_packages(recursive) discover
[0.212s] INFO:colcon.colcon_core.package_discovery:Crawling recursively for packages in '/home/khoi/robocon_ws/src/robocon_basics'
[0.212s] Level 1:colcon.colcon_core.package_identification:_identify(.) by extensions ['ignore', 'ignore_ament_install']
[0.212s] Level 1:colcon.colcon_core.package_identification:_identify(.) by extension 'ignore'
[0.212s] Level 1:colcon.colcon_core.package_identification:_identify(.) by extension 'ignore_ament_install'
[0.212s] Level 1:colcon.colcon_core.package_identification:_identify(.) by extensions ['colcon_pkg']
[0.212s] Level 1:colcon.colcon_core.package_identification:_identify(.) by extension 'colcon_pkg'
[0.212s] Level 1:colcon.colcon_core.package_identification:_identify(.) by extensions ['colcon_meta']
[0.212s] Level 1:colcon.colcon_core.package_identification:_identify(.) by extension 'colcon_meta'
[0.212s] Level 1:colcon.colcon_core.package_identification:_identify(.) by extensions ['ros']
[0.212s] Level 1:colcon.colcon_core.package_identification:_identify(.) by extension 'ros'
[0.240s] DEBUG:colcon.colcon_core.package_identification:Package '.' with type 'ros.ament_python' and name 'robocon_basics'
[0.240s] Level 1:colcon.colcon_core.package_discovery:discover_packages(recursive) using defaults
[0.240s] Level 1:colcon.colcon_core.package_discovery:discover_packages(ignore) discover
[0.240s] Level 1:colcon.colcon_core.package_discovery:discover_packages(ignore) using defaults
[0.240s] Level 1:colcon.colcon_core.package_discovery:discover_packages(path) discover
[0.240s] Level 1:colcon.colcon_core.package_discovery:discover_packages(path) using defaults
[0.258s] Level 1:colcon.colcon_core.package_discovery:discover_packages(prefix_path) check parameters
[0.259s] Level 1:colcon.colcon_core.package_discovery:discover_packages(prefix_path) discover
[0.263s] DEBUG:colcon.colcon_installed_package_information.package_discovery:Found 0 installed packages in /home/khoi/robocon_ws/install
[0.263s] DEBUG:colcon.colcon_installed_package_information.package_discovery:Found 2 installed packages in /home/khoi/ros2_ws/install
[0.264s] DEBUG:colcon.colcon_installed_package_information.package_discovery:Found 342 installed packages in /opt/ros/jazzy
[0.266s] Level 1:colcon.colcon_core.package_discovery:discover_packages(prefix_path) using defaults
[0.302s] Level 5:colcon.colcon_core.verb:set package 'robocon_basics' build argument 'cmake_args' from command line to 'None'
[0.302s] Level 5:colcon.colcon_core.verb:set package 'robocon_basics' build argument 'cmake_target' from command line to 'None'
[0.302s] Level 5:colcon.colcon_core.verb:set package 'robocon_basics' build argument 'cmake_target_skip_unavailable' from command line to 'False'
[0.302s] Level 5:colcon.colcon_core.verb:set package 'robocon_basics' build argument 'cmake_clean_cache' from command line to 'False'
[0.302s] Level 5:colcon.colcon_core.verb:set package 'robocon_basics' build argument 'cmake_clean_first' from command line to 'False'
[0.302s] Level 5:colcon.colcon_core.verb:set package 'robocon_basics' build argument 'cmake_force_configure' from command line to 'False'
[0.302s] Level 5:colcon.colcon_core.verb:set package 'robocon_basics' build argument 'ament_cmake_args' from command line to 'None'
[0.302s] Level 5:colcon.colcon_core.verb:set package 'robocon_basics' build argument 'catkin_cmake_args' from command line to 'None'
[0.302s] Level 5:colcon.colcon_core.verb:set package 'robocon_basics' build argument 'catkin_skip_building_tests' from command line to 'False'
[0.302s] DEBUG:colcon.colcon_core.verb:Building package 'robocon_basics' with the following arguments: {'ament_cmake_args': None, 'build_base': '/home/khoi/robocon_ws/src/robocon_basics/build/robocon_basics', 'catkin_cmake_args': None, 'catkin_skip_building_tests': False, 'cmake_args': None, 'cmake_clean_cache': False, 'cmake_clean_first': False, 'cmake_force_configure': False, 'cmake_target': None, 'cmake_target_skip_unavailable': False, 'install_base': '/home/khoi/robocon_ws/src/robocon_basics/install/robocon_basics', 'merge_install': False, 'path': '/home/khoi/robocon_ws/src/robocon_basics', 'symlink_install': True, 'test_result_base': None}
[0.302s] INFO:colcon.colcon_core.executor:Executing jobs using 'parallel' executor
[0.303s] DEBUG:colcon.colcon_parallel_executor.executor.parallel:run_until_complete
[0.303s] INFO:colcon.colcon_ros.task.ament_python.build:Building ROS package in '/home/khoi/robocon_ws/src/robocon_basics' with build type 'ament_python'
[0.304s] Level 1:colcon.colcon_core.shell:create_environment_hook('robocon_basics', 'ament_prefix_path')
[0.310s] INFO:colcon.colcon_core.plugin_system:Skipping extension 'colcon_core.shell.bat': Not used on non-Windows systems
[0.310s] INFO:colcon.colcon_core.shell:Creating environment hook '/home/khoi/robocon_ws/src/robocon_basics/install/robocon_basics/share/robocon_basics/hook/ament_prefix_path.ps1'
[0.311s] INFO:colcon.colcon_core.shell:Creating environment descriptor '/home/khoi/robocon_ws/src/robocon_basics/install/robocon_basics/share/robocon_basics/hook/ament_prefix_path.dsv'
[0.311s] INFO:colcon.colcon_core.shell:Creating environment hook '/home/khoi/robocon_ws/src/robocon_basics/install/robocon_basics/share/robocon_basics/hook/ament_prefix_path.sh'
[0.312s] INFO:colcon.colcon_core.shell:Skip shell extension 'powershell' for command environment: Not usable outside of PowerShell
[0.312s] DEBUG:colcon.colcon_core.shell:Skip shell extension 'dsv' for command environment
[0.476s] INFO:colcon.colcon_core.task.python.build:Building Python package in '/home/khoi/robocon_ws/src/robocon_basics'
[0.476s] INFO:colcon.colcon_core.shell:Skip shell extension 'powershell' for command environment: Not usable outside of PowerShell
[0.476s] DEBUG:colcon.colcon_core.shell:Skip shell extension 'dsv' for command environment
[1.125s] DEBUG:colcon.colcon_core.event_handler.log_command:Invoking command in '/home/khoi/robocon_ws/src/robocon_basics/build/robocon_basics': PYTHONPATH=/home/khoi/robocon_ws/src/robocon_basics/build/robocon_basics/prefix_override:/usr/lib/python3/dist-packages/colcon_core/task/python/colcon_distutils_commands:/home/khoi/robocon_ws/src/robocon_basics/install/robocon_basics/lib/python3.12/site-packages:${PYTHONPATH} /usr/bin/python3 -W ignore:setup.py install is deprecated -W ignore:easy_install command is deprecated setup.py develop --editable --build-directory /home/khoi/robocon_ws/src/robocon_basics/build/robocon_basics/build --no-deps symlink_data
[1.596s] Level 1:colcon.colcon_core.shell:create_environment_hook('robocon_basics', 'pythonpath_develop')
[1.597s] INFO:colcon.colcon_core.shell:Creating environment hook '/home/khoi/robocon_ws/src/robocon_basics/build/robocon_basics/share/robocon_basics/hook/pythonpath_develop.ps1'
[1.597s] DEBUG:colcon.colcon_core.event_handler.log_command:Invoked command in '/home/khoi/robocon_ws/src/robocon_basics/build/robocon_basics' returned '0': PYTHONPATH=/home/khoi/robocon_ws/src/robocon_basics/build/robocon_basics/prefix_override:/usr/lib/python3/dist-packages/colcon_core/task/python/colcon_distutils_commands:/home/khoi/robocon_ws/src/robocon_basics/install/robocon_basics/lib/python3.12/site-packages:${PYTHONPATH} /usr/bin/python3 -W ignore:setup.py install is deprecated -W ignore:easy_install command is deprecated setup.py develop --editable --build-directory /home/khoi/robocon_ws/src/robocon_basics/build/robocon_basics/build --no-deps symlink_data
[1.598s] INFO:colcon.colcon_core.shell:Creating environment descriptor '/home/khoi/robocon_ws/src/robocon_basics/build/robocon_basics/share/robocon_basics/hook/pythonpath_develop.dsv'
[1.598s] INFO:colcon.colcon_core.shell:Creating environment hook '/home/khoi/robocon_ws/src/robocon_basics/build/robocon_basics/share/robocon_basics/hook/pythonpath_develop.sh'
[1.608s] Level 1:colcon.colcon_core.environment:checking '/home/khoi/robocon_ws/src/robocon_basics/install/robocon_basics' for CMake module files
[1.608s] Level 1:colcon.colcon_core.environment:checking '/home/khoi/robocon_ws/src/robocon_basics/install/robocon_basics' for CMake config files
[1.609s] Level 1:colcon.colcon_core.environment:checking '/home/khoi/robocon_ws/src/robocon_basics/install/robocon_basics/lib'
[1.609s] Level 1:colcon.colcon_core.environment:checking '/home/khoi/robocon_ws/src/robocon_basics/install/robocon_basics/bin'
[1.609s] Level 1:colcon.colcon_core.environment:checking '/home/khoi/robocon_ws/src/robocon_basics/install/robocon_basics/lib/pkgconfig/robocon_basics.pc'
[1.609s] Level 1:colcon.colcon_core.environment:checking '/home/khoi/robocon_ws/src/robocon_basics/install/robocon_basics/lib/python3.12/site-packages'
[1.609s] Level 1:colcon.colcon_core.shell:create_environment_hook('robocon_basics', 'pythonpath')
[1.609s] INFO:colcon.colcon_core.shell:Creating environment hook '/home/khoi/robocon_ws/src/robocon_basics/install/robocon_basics/share/robocon_basics/hook/pythonpath.ps1'
[1.610s] INFO:colcon.colcon_core.shell:Creating environment descriptor '/home/khoi/robocon_ws/src/robocon_basics/install/robocon_basics/share/robocon_basics/hook/pythonpath.dsv'
[1.610s] INFO:colcon.colcon_core.shell:Creating environment hook '/home/khoi/robocon_ws/src/robocon_basics/install/robocon_basics/share/robocon_basics/hook/pythonpath.sh'
[1.610s] Level 1:colcon.colcon_core.environment:checking '/home/khoi/robocon_ws/src/robocon_basics/install/robocon_basics/bin'
[1.610s] Level 1:colcon.colcon_core.environment:create_environment_scripts_only(robocon_basics)
[1.611s] INFO:colcon.colcon_core.shell:Creating package script '/home/khoi/robocon_ws/src/robocon_basics/install/robocon_basics/share/robocon_basics/package.ps1'
[1.612s] INFO:colcon.colcon_core.shell:Creating package descriptor '/home/khoi/robocon_ws/src/robocon_basics/install/robocon_basics/share/robocon_basics/package.dsv'
[1.613s] INFO:colcon.colcon_core.shell:Creating package script '/home/khoi/robocon_ws/src/robocon_basics/install/robocon_basics/share/robocon_basics/package.sh'
[1.614s] INFO:colcon.colcon_core.shell:Creating package script '/home/khoi/robocon_ws/src/robocon_basics/install/robocon_basics/share/robocon_basics/package.bash'
[1.615s] INFO:colcon.colcon_core.shell:Creating package script '/home/khoi/robocon_ws/src/robocon_basics/install/robocon_basics/share/robocon_basics/package.zsh'
[1.615s] Level 1:colcon.colcon_core.environment:create_file_with_runtime_dependencies(/home/khoi/robocon_ws/src/robocon_basics/install/robocon_basics/share/colcon-core/packages/robocon_basics)
[1.616s] DEBUG:colcon.colcon_parallel_executor.executor.parallel:closing loop
[1.617s] DEBUG:colcon.colcon_parallel_executor.executor.parallel:loop closed
[1.617s] DEBUG:colcon.colcon_parallel_executor.executor.parallel:run_until_complete finished with '0'
[1.617s] DEBUG:colcon.colcon_core.event_reactor:joining thread
[1.662s] INFO:colcon.colcon_core.plugin_system:Skipping extension 'colcon_notification.desktop_notification.notify_send': Could not find 'notify-send'
[1.662s] INFO:colcon.colcon_core.plugin_system:Skipping extension 'colcon_notification.desktop_notification.terminal_notifier': Not used on non-Darwin systems
[1.663s] INFO:colcon.colcon_core.plugin_system:Skipping extension 'colcon_notification.desktop_notification.win32': Not used on non-Windows systems
[1.663s] INFO:colcon.colcon_notification.desktop_notification:Sending desktop notification using 'notify2'
[1.664s] DEBUG:colcon.colcon_notification.desktop_notification.notify2:Failed to initialize notify2: org.freedesktop.DBus.Error.ServiceUnknown: The name org.freedesktop.Notifications was not provided by any .service files
[1.665s] DEBUG:colcon.colcon_core.event_reactor:joined thread
[1.665s] INFO:colcon.colcon_core.shell:Creating prefix script '/home/khoi/robocon_ws/src/robocon_basics/install/local_setup.ps1'
[1.666s] INFO:colcon.colcon_core.shell:Creating prefix util module '/home/khoi/robocon_ws/src/robocon_basics/install/_local_setup_util_ps1.py'
[1.668s] INFO:colcon.colcon_core.shell:Creating prefix chain script '/home/khoi/robocon_ws/src/robocon_basics/install/setup.ps1'
[1.670s] INFO:colcon.colcon_core.shell:Creating prefix script '/home/khoi/robocon_ws/src/robocon_basics/install/local_setup.sh'
[1.670s] INFO:colcon.colcon_core.shell:Creating prefix util module '/home/khoi/robocon_ws/src/robocon_basics/install/_local_setup_util_sh.py'
[1.671s] INFO:colcon.colcon_core.shell:Creating prefix chain script '/home/khoi/robocon_ws/src/robocon_basics/install/setup.sh'
[1.672s] INFO:colcon.colcon_core.shell:Creating prefix script '/home/khoi/robocon_ws/src/robocon_basics/install/local_setup.bash'
[1.673s] INFO:colcon.colcon_core.shell:Creating prefix chain script '/home/khoi/robocon_ws/src/robocon_basics/install/setup.bash'
[1.675s] INFO:colcon.colcon_core.shell:Creating prefix script '/home/khoi/robocon_ws/src/robocon_basics/install/local_setup.zsh'
[1.675s] INFO:colcon.colcon_core.shell:Creating prefix chain script '/home/khoi/robocon_ws/src/robocon_basics/install/setup.zsh'
