[0.159s] DEBUG:colcon:Command line arguments: ['/usr/bin/colcon', 'build', '--symlink-install']
[0.159s] DEBUG:colcon:Parsed command line arguments: Namespace(log_base=None, log_level=None, verb_name='build', build_base='build', install_base='install', merge_install=False, symlink_install=True, test_result_base=None, continue_on_error=False, executor='parallel', parallel_workers=16, event_handlers=None, ignore_user_meta=False, metas=['./colcon.meta'], base_paths=['.'], packages_ignore=None, packages_ignore_regex=None, paths=None, packages_up_to=None, packages_up_to_regex=None, packages_above=None, packages_above_and_dependencies=None, packages_above_depth=None, packages_select_by_dep=None, packages_skip_by_dep=None, packages_skip_up_to=None, packages_select_build_failed=False, packages_skip_build_finished=False, packages_select_test_failures=False, packages_skip_test_passed=False, packages_select=None, packages_skip=None, packages_select_regex=None, packages_skip_regex=None, packages_start=None, packages_end=None, allow_overriding=[], cmake_args=None, cmake_target=None, cmake_target_skip_unavailable=False, cmake_clean_cache=False, cmake_clean_first=False, cmake_force_configure=False, ament_cmake_args=None, catkin_cmake_args=None, catkin_skip_building_tests=False, mixin_files=None, mixin=None, verb_parser=<colcon_mixin.mixin.mixin_argument.MixinArgumentDecorator object at 0x744b64a66090>, verb_extension=<colcon_core.verb.build.BuildVerb object at 0x744b64a65d30>, main=<bound method BuildVerb.main of <colcon_core.verb.build.BuildVerb object at 0x744b64a65d30>>, mixin_verb=('build',))
[0.191s] Level 1:colcon.colcon_core.package_discovery:discover_packages(colcon_meta) check parameters
[0.191s] Level 1:colcon.colcon_core.package_discovery:discover_packages(recursive) check parameters
[0.191s] Level 1:colcon.colcon_core.package_discovery:discover_packages(ignore) check parameters
[0.191s] Level 1:colcon.colcon_core.package_discovery:discover_packages(path) check parameters
[0.191s] Level 1:colcon.colcon_core.package_discovery:discover_packages(colcon_meta) discover
[0.191s] Level 1:colcon.colcon_core.package_discovery:discover_packages(recursive) discover
[0.191s] INFO:colcon.colcon_core.package_discovery:Crawling recursively for packages in '/home/khoi/robocon_ws/src/robocon_basics'
[0.191s] Level 1:colcon.colcon_core.package_identification:_identify(.) by extensions ['ignore', 'ignore_ament_install']
[0.191s] Level 1:colcon.colcon_core.package_identification:_identify(.) by extension 'ignore'
[0.191s] Level 1:colcon.colcon_core.package_identification:_identify(.) by extension 'ignore_ament_install'
[0.191s] Level 1:colcon.colcon_core.package_identification:_identify(.) by extensions ['colcon_pkg']
[0.191s] Level 1:colcon.colcon_core.package_identification:_identify(.) by extension 'colcon_pkg'
[0.191s] Level 1:colcon.colcon_core.package_identification:_identify(.) by extensions ['colcon_meta']
[0.191s] Level 1:colcon.colcon_core.package_identification:_identify(.) by extension 'colcon_meta'
[0.191s] Level 1:colcon.colcon_core.package_identification:_identify(.) by extensions ['ros']
[0.192s] Level 1:colcon.colcon_core.package_identification:_identify(.) by extension 'ros'
[0.218s] DEBUG:colcon.colcon_core.package_identification:Package '.' with type 'ros.ament_python' and name 'robocon_basics'
[0.218s] Level 1:colcon.colcon_core.package_discovery:discover_packages(recursive) using defaults
[0.218s] Level 1:colcon.colcon_core.package_discovery:discover_packages(ignore) discover
[0.218s] Level 1:colcon.colcon_core.package_discovery:discover_packages(ignore) using defaults
[0.218s] Level 1:colcon.colcon_core.package_discovery:discover_packages(path) discover
[0.218s] Level 1:colcon.colcon_core.package_discovery:discover_packages(path) using defaults
[0.233s] Level 1:colcon.colcon_core.package_discovery:discover_packages(prefix_path) check parameters
[0.233s] Level 1:colcon.colcon_core.package_discovery:discover_packages(prefix_path) discover
[0.234s] DEBUG:colcon.colcon_installed_package_information.package_discovery:Found 0 installed packages in /home/khoi/robocon_ws/install
[0.235s] DEBUG:colcon.colcon_installed_package_information.package_discovery:Found 2 installed packages in /home/khoi/ros2_ws/install
[0.236s] DEBUG:colcon.colcon_installed_package_information.package_discovery:Found 342 installed packages in /opt/ros/jazzy
[0.237s] Level 1:colcon.colcon_core.package_discovery:discover_packages(prefix_path) using defaults
[0.270s] Level 5:colcon.colcon_core.verb:set package 'robocon_basics' build argument 'cmake_args' from command line to 'None'
[0.270s] Level 5:colcon.colcon_core.verb:set package 'robocon_basics' build argument 'cmake_target' from command line to 'None'
[0.270s] Level 5:colcon.colcon_core.verb:set package 'robocon_basics' build argument 'cmake_target_skip_unavailable' from command line to 'False'
[0.270s] Level 5:colcon.colcon_core.verb:set package 'robocon_basics' build argument 'cmake_clean_cache' from command line to 'False'
[0.270s] Level 5:colcon.colcon_core.verb:set package 'robocon_basics' build argument 'cmake_clean_first' from command line to 'False'
[0.270s] Level 5:colcon.colcon_core.verb:set package 'robocon_basics' build argument 'cmake_force_configure' from command line to 'False'
[0.270s] Level 5:colcon.colcon_core.verb:set package 'robocon_basics' build argument 'ament_cmake_args' from command line to 'None'
[0.270s] Level 5:colcon.colcon_core.verb:set package 'robocon_basics' build argument 'catkin_cmake_args' from command line to 'None'
[0.270s] Level 5:colcon.colcon_core.verb:set package 'robocon_basics' build argument 'catkin_skip_building_tests' from command line to 'False'
[0.270s] DEBUG:colcon.colcon_core.verb:Building package 'robocon_basics' with the following arguments: {'ament_cmake_args': None, 'build_base': '/home/khoi/robocon_ws/src/robocon_basics/build/robocon_basics', 'catkin_cmake_args': None, 'catkin_skip_building_tests': False, 'cmake_args': None, 'cmake_clean_cache': False, 'cmake_clean_first': False, 'cmake_force_configure': False, 'cmake_target': None, 'cmake_target_skip_unavailable': False, 'install_base': '/home/khoi/robocon_ws/src/robocon_basics/install/robocon_basics', 'merge_install': False, 'path': '/home/khoi/robocon_ws/src/robocon_basics', 'symlink_install': True, 'test_result_base': None}
[0.270s] INFO:colcon.colcon_core.executor:Executing jobs using 'parallel' executor
[0.272s] DEBUG:colcon.colcon_parallel_executor.executor.parallel:run_until_complete
[0.272s] INFO:colcon.colcon_ros.task.ament_python.build:Building ROS package in '/home/khoi/robocon_ws/src/robocon_basics' with build type 'ament_python'
[0.272s] Level 1:colcon.colcon_core.shell:create_environment_hook('robocon_basics', 'ament_prefix_path')
[0.275s] INFO:colcon.colcon_core.plugin_system:Skipping extension 'colcon_core.shell.bat': Not used on non-Windows systems
[0.275s] INFO:colcon.colcon_core.shell:Creating environment hook '/home/khoi/robocon_ws/src/robocon_basics/install/robocon_basics/share/robocon_basics/hook/ament_prefix_path.ps1'
[0.276s] INFO:colcon.colcon_core.shell:Creating environment descriptor '/home/khoi/robocon_ws/src/robocon_basics/install/robocon_basics/share/robocon_basics/hook/ament_prefix_path.dsv'
[0.276s] INFO:colcon.colcon_core.shell:Creating environment hook '/home/khoi/robocon_ws/src/robocon_basics/install/robocon_basics/share/robocon_basics/hook/ament_prefix_path.sh'
[0.277s] INFO:colcon.colcon_core.shell:Skip shell extension 'powershell' for command environment: Not usable outside of PowerShell
[0.277s] DEBUG:colcon.colcon_core.shell:Skip shell extension 'dsv' for command environment
[0.457s] INFO:colcon.colcon_core.task.python.build:Building Python package in '/home/khoi/robocon_ws/src/robocon_basics'
[0.457s] INFO:colcon.colcon_core.shell:Skip shell extension 'powershell' for command environment: Not usable outside of PowerShell
[0.457s] DEBUG:colcon.colcon_core.shell:Skip shell extension 'dsv' for command environment
[2.572s] DEBUG:colcon.colcon_core.event_handler.log_command:Invoking command in '/home/khoi/robocon_ws/src/robocon_basics/build/robocon_basics': PYTHONPATH=/home/khoi/robocon_ws/src/robocon_basics/build/robocon_basics/prefix_override:/usr/lib/python3/dist-packages/colcon_core/task/python/colcon_distutils_commands:/home/khoi/robocon_ws/src/robocon_basics/install/robocon_basics/lib/python3.12/site-packages:${PYTHONPATH} /usr/bin/python3 -W ignore:setup.py install is deprecated -W ignore:easy_install command is deprecated setup.py develop --editable --build-directory /home/khoi/robocon_ws/src/robocon_basics/build/robocon_basics/build --no-deps symlink_data
[3.052s] Level 1:colcon.colcon_core.shell:create_environment_hook('robocon_basics', 'pythonpath_develop')
[3.052s] DEBUG:colcon.colcon_core.event_handler.log_command:Invoked command in '/home/khoi/robocon_ws/src/robocon_basics/build/robocon_basics' returned '0': PYTHONPATH=/home/khoi/robocon_ws/src/robocon_basics/build/robocon_basics/prefix_override:/usr/lib/python3/dist-packages/colcon_core/task/python/colcon_distutils_commands:/home/khoi/robocon_ws/src/robocon_basics/install/robocon_basics/lib/python3.12/site-packages:${PYTHONPATH} /usr/bin/python3 -W ignore:setup.py install is deprecated -W ignore:easy_install command is deprecated setup.py develop --editable --build-directory /home/khoi/robocon_ws/src/robocon_basics/build/robocon_basics/build --no-deps symlink_data
[3.052s] INFO:colcon.colcon_core.shell:Creating environment hook '/home/khoi/robocon_ws/src/robocon_basics/build/robocon_basics/share/robocon_basics/hook/pythonpath_develop.ps1'
[3.053s] INFO:colcon.colcon_core.shell:Creating environment descriptor '/home/khoi/robocon_ws/src/robocon_basics/build/robocon_basics/share/robocon_basics/hook/pythonpath_develop.dsv'
[3.054s] INFO:colcon.colcon_core.shell:Creating environment hook '/home/khoi/robocon_ws/src/robocon_basics/build/robocon_basics/share/robocon_basics/hook/pythonpath_develop.sh'
[3.056s] Level 1:colcon.colcon_core.environment:checking '/home/khoi/robocon_ws/src/robocon_basics/install/robocon_basics' for CMake module files
[3.056s] Level 1:colcon.colcon_core.environment:checking '/home/khoi/robocon_ws/src/robocon_basics/install/robocon_basics' for CMake config files
[3.057s] Level 1:colcon.colcon_core.environment:checking '/home/khoi/robocon_ws/src/robocon_basics/install/robocon_basics/lib'
[3.057s] Level 1:colcon.colcon_core.environment:checking '/home/khoi/robocon_ws/src/robocon_basics/install/robocon_basics/bin'
[3.057s] Level 1:colcon.colcon_core.environment:checking '/home/khoi/robocon_ws/src/robocon_basics/install/robocon_basics/lib/pkgconfig/robocon_basics.pc'
[3.057s] Level 1:colcon.colcon_core.environment:checking '/home/khoi/robocon_ws/src/robocon_basics/install/robocon_basics/lib/python3.12/site-packages'
[3.057s] Level 1:colcon.colcon_core.shell:create_environment_hook('robocon_basics', 'pythonpath')
[3.057s] INFO:colcon.colcon_core.shell:Creating environment hook '/home/khoi/robocon_ws/src/robocon_basics/install/robocon_basics/share/robocon_basics/hook/pythonpath.ps1'
[3.058s] INFO:colcon.colcon_core.shell:Creating environment descriptor '/home/khoi/robocon_ws/src/robocon_basics/install/robocon_basics/share/robocon_basics/hook/pythonpath.dsv'
[3.058s] INFO:colcon.colcon_core.shell:Creating environment hook '/home/khoi/robocon_ws/src/robocon_basics/install/robocon_basics/share/robocon_basics/hook/pythonpath.sh'
[3.059s] Level 1:colcon.colcon_core.environment:checking '/home/khoi/robocon_ws/src/robocon_basics/install/robocon_basics/bin'
[3.059s] Level 1:colcon.colcon_core.environment:create_environment_scripts_only(robocon_basics)
[3.059s] INFO:colcon.colcon_core.shell:Creating package script '/home/khoi/robocon_ws/src/robocon_basics/install/robocon_basics/share/robocon_basics/package.ps1'
[3.060s] INFO:colcon.colcon_core.shell:Creating package descriptor '/home/khoi/robocon_ws/src/robocon_basics/install/robocon_basics/share/robocon_basics/package.dsv'
[3.061s] INFO:colcon.colcon_core.shell:Creating package script '/home/khoi/robocon_ws/src/robocon_basics/install/robocon_basics/share/robocon_basics/package.sh'
[3.062s] INFO:colcon.colcon_core.shell:Creating package script '/home/khoi/robocon_ws/src/robocon_basics/install/robocon_basics/share/robocon_basics/package.bash'
[3.062s] INFO:colcon.colcon_core.shell:Creating package script '/home/khoi/robocon_ws/src/robocon_basics/install/robocon_basics/share/robocon_basics/package.zsh'
[3.063s] Level 1:colcon.colcon_core.environment:create_file_with_runtime_dependencies(/home/khoi/robocon_ws/src/robocon_basics/install/robocon_basics/share/colcon-core/packages/robocon_basics)
[3.064s] DEBUG:colcon.colcon_parallel_executor.executor.parallel:closing loop
[3.064s] DEBUG:colcon.colcon_parallel_executor.executor.parallel:loop closed
[3.065s] DEBUG:colcon.colcon_parallel_executor.executor.parallel:run_until_complete finished with '0'
[3.065s] DEBUG:colcon.colcon_core.event_reactor:joining thread
[3.103s] INFO:colcon.colcon_core.plugin_system:Skipping extension 'colcon_notification.desktop_notification.notify_send': Could not find 'notify-send'
[3.104s] INFO:colcon.colcon_core.plugin_system:Skipping extension 'colcon_notification.desktop_notification.terminal_notifier': Not used on non-Darwin systems
[3.104s] INFO:colcon.colcon_core.plugin_system:Skipping extension 'colcon_notification.desktop_notification.win32': Not used on non-Windows systems
[3.104s] INFO:colcon.colcon_notification.desktop_notification:Sending desktop notification using 'notify2'
[3.105s] DEBUG:colcon.colcon_notification.desktop_notification.notify2:Failed to initialize notify2: org.freedesktop.DBus.Error.ServiceUnknown: The name org.freedesktop.Notifications was not provided by any .service files
[3.105s] DEBUG:colcon.colcon_core.event_reactor:joined thread
[3.106s] INFO:colcon.colcon_core.shell:Creating prefix script '/home/khoi/robocon_ws/src/robocon_basics/install/local_setup.ps1'
[3.107s] INFO:colcon.colcon_core.shell:Creating prefix util module '/home/khoi/robocon_ws/src/robocon_basics/install/_local_setup_util_ps1.py'
[3.108s] INFO:colcon.colcon_core.shell:Creating prefix chain script '/home/khoi/robocon_ws/src/robocon_basics/install/setup.ps1'
[3.108s] INFO:colcon.colcon_core.shell:Creating prefix script '/home/khoi/robocon_ws/src/robocon_basics/install/local_setup.sh'
[3.109s] INFO:colcon.colcon_core.shell:Creating prefix util module '/home/khoi/robocon_ws/src/robocon_basics/install/_local_setup_util_sh.py'
[3.109s] INFO:colcon.colcon_core.shell:Creating prefix chain script '/home/khoi/robocon_ws/src/robocon_basics/install/setup.sh'
[3.110s] INFO:colcon.colcon_core.shell:Creating prefix script '/home/khoi/robocon_ws/src/robocon_basics/install/local_setup.bash'
[3.111s] INFO:colcon.colcon_core.shell:Creating prefix chain script '/home/khoi/robocon_ws/src/robocon_basics/install/setup.bash'
[3.111s] INFO:colcon.colcon_core.shell:Creating prefix script '/home/khoi/robocon_ws/src/robocon_basics/install/local_setup.zsh'
[3.112s] INFO:colcon.colcon_core.shell:Creating prefix chain script '/home/khoi/robocon_ws/src/robocon_basics/install/setup.zsh'
