[0.820s] Invoking command in '/home/khoi/robocon_ws/src/robocon_basics/build/robocon_basics': PYTHONPATH=/home/khoi/robocon_ws/src/robocon_basics/build/robocon_basics/prefix_override:/usr/lib/python3/dist-packages/colcon_core/task/python/colcon_distutils_commands:/home/khoi/robocon_ws/src/robocon_basics/install/robocon_basics/lib/python3.12/site-packages:${PYTHONPATH} /usr/bin/python3 -W ignore:setup.py install is deprecated -W ignore:easy_install command is deprecated setup.py develop --editable --build-directory /home/khoi/robocon_ws/src/robocon_basics/build/robocon_basics/build --no-deps symlink_data
[1.042s] running develop
[1.184s] running egg_info
[1.184s] creating robocon_basics.egg-info
[1.201s] writing robocon_basics.egg-info/PKG-INFO
[1.202s] writing dependency_links to robocon_basics.egg-info/dependency_links.txt
[1.202s] writing requirements to robocon_basics.egg-info/requires.txt
[1.202s] writing top-level names to robocon_basics.egg-info/top_level.txt
[1.202s] writing manifest file 'robocon_basics.egg-info/SOURCES.txt'
[1.239s] reading manifest file 'robocon_basics.egg-info/SOURCES.txt'
[1.239s] writing manifest file 'robocon_basics.egg-info/SOURCES.txt'
[1.259s] running build_ext
[1.259s] Creating /home/khoi/robocon_ws/src/robocon_basics/install/robocon_basics/lib/python3.12/site-packages/robocon-basics.egg-link (link to .)
[1.259s] 
[1.259s] Installed /home/khoi/robocon_ws/src/robocon_basics/build/robocon_basics
[1.259s] running symlink_data
[1.259s] creating /home/khoi/robocon_ws/src/robocon_basics/install/robocon_basics/share/ament_index
[1.260s] creating /home/khoi/robocon_ws/src/robocon_basics/install/robocon_basics/share/ament_index/resource_index
[1.260s] creating /home/khoi/robocon_ws/src/robocon_basics/install/robocon_basics/share/ament_index/resource_index/packages
[1.260s] symbolically linking /home/khoi/robocon_ws/src/robocon_basics/build/robocon_basics/resource/robocon_basics -> /home/khoi/robocon_ws/src/robocon_basics/install/robocon_basics/share/ament_index/resource_index/packages
[1.260s] symbolically linking /home/khoi/robocon_ws/src/robocon_basics/build/robocon_basics/package.xml -> /home/khoi/robocon_ws/src/robocon_basics/install/robocon_basics/share/robocon_basics
[1.293s] Invoked command in '/home/khoi/robocon_ws/src/robocon_basics/build/robocon_basics' returned '0': PYTHONPATH=/home/khoi/robocon_ws/src/robocon_basics/build/robocon_basics/prefix_override:/usr/lib/python3/dist-packages/colcon_core/task/python/colcon_distutils_commands:/home/khoi/robocon_ws/src/robocon_basics/install/robocon_basics/lib/python3.12/site-packages:${PYTHONPATH} /usr/bin/python3 -W ignore:setup.py install is deprecated -W ignore:easy_install command is deprecated setup.py develop --editable --build-directory /home/khoi/robocon_ws/src/robocon_basics/build/robocon_basics/build --no-deps symlink_data
